<?xml version="1.0" encoding="UTF-8"?>
<!-- Generated by org.testng.reporters.JUnitXMLReporter -->
<testsuite ignored="0" hostname="LAPTOP-N926GS71" failures="0" tests="39" name="Default test" time="40.828" errors="0" timestamp="2022-08-18T09:48:58 IST">
  <testcase classname="com.spotify.RestAssured_Api_Automation" name="albums_Get_Album" time="4.689"/>
  <testcase classname="com.spotify.RestAssured_Api_Automation" name="albums_Get_Album_Tracks" time="1.105"/>
  <testcase classname="com.spotify.RestAssured_Api_Automation" name="albums_Get_Several_Albums" time="1.176"/>
  <testcase classname="com.spotify.RestAssured_Api_Automation" name="artists_Get_Artist" time="1.144"/>
  <testcase classname="com.spotify.RestAssured_Api_Automation" name="artists_Get_Artists_Albums" time="0.909"/>
  <testcase classname="com.spotify.RestAssured_Api_Automation" name="artists_Get_Artists_Related_Artists" time="0.452"/>
  <testcase classname="com.spotify.RestAssured_Api_Automation" name="artists_Get_Several_Artists" time="0.323"/>
  <testcase classname="com.spotify.RestAssured_Api_Automation" name="browse_Get_Available_Genre_Seeds" time="0.314"/>
  <testcase classname="com.spotify.RestAssured_Api_Automation" name="browse_Get_Featured_Playlists" time="0.417"/>
  <testcase classname="com.spotify.RestAssured_Api_Automation" name="browse_Get_New_Releases" time="0.409"/>
  <testcase classname="com.spotify.RestAssured_Api_Automation" name="browse_Get_Recommendations" time="0.595"/>
  <testcase classname="com.spotify.RestAssured_Api_Automation" name="browse_Get_Several_Browse_Categories" time="0.388"/>
  <testcase classname="com.spotify.RestAssured_Api_Automation" name="episode_Get_Episode" time="0.357"/>
  <testcase classname="com.spotify.RestAssured_Api_Automation" name="episodes_Get_Several_Episode" time="0.353"/>
  <testcase classname="com.spotify.RestAssured_Api_Automation" name="follow_Follows_Artists_or_Users" time="0.39"/>
  <testcase classname="com.spotify.RestAssured_Api_Automation" name="get_Categorys_Playlists" time="1.168"/>
  <testcase classname="com.spotify.RestAssured_Api_Automation" name="get_Single_Browse_Category" time="0.991"/>
  <testcase classname="com.spotify.RestAssured_Api_Automation" name="markets_Get_Available_Markets" time="0.325"/>
  <testcase classname="com.spotify.RestAssured_Api_Automation" name="shows_Get_Several_Shows" time="0.314"/>
  <testcase classname="com.spotify.RestAssured_Api_Automation" name="shows_Get_Show" time="0.361"/>
  <testcase classname="com.spotify.RestAssured_Api_Automation" name="shows_Get_Show_Episodes" time="0.335"/>
  <testcase classname="com.spotify.RestAssured_Api_Automation" name="tracks_Get_Several_Tracks" time="0.355"/>
  <testcase classname="com.spotify.RestAssured_Api_Automation" name="tracks_Get_Track" time="0.653"/>
  <testcase classname="com.spotify.RestAssured_Api_Automation" name="tracks_Get_Tracks_Audio_Analysis" time="3.763"/>
  <testcase classname="com.spotify.RestAssured_Api_Automation" name="tracks_Get_Tracks_Audio_Features" time="1.812"/>
  <testcase classname="com.spotify.RestAssured_Api_Automation" name="tracks_Get_Trackss_Audio_Features" time="1.372"/>
  <testcase classname="com.spotify.RestAssured_Api_Automation" name="get_Current_UserProfile" time="1.839"/>
  <testcase classname="com.spotify.RestAssured_Api_Automation" name="get_UserProfile" time="1.079"/>
  <testcase classname="com.spotify.RestAssured_Api_Automation" name="search_for_Item" time="0.388"/>
  <testcase classname="com.spotify.RestAssured_Api_Automation" name="playlist_Creation" time="0.672"/>
  <testcase classname="com.spotify.RestAssured_Api_Automation" name="playlist_NewAdd_Item" time="0.42"/>
  <testcase classname="com.spotify.RestAssured_Api_Automation" name="playlist_Get_Playlist" time="0.416"/>
  <testcase classname="com.spotify.RestAssured_Api_Automation" name="playlist_Get_CurrentUser_Playlist" time="1.728"/>
  <testcase classname="com.spotify.RestAssured_Api_Automation" name="playlist_Get_Cover_Image" time="1.382"/>
  <testcase classname="com.spotify.RestAssured_Api_Automation" name="playlist_Get_Playlist_Item" time="2.342"/>
  <testcase classname="com.spotify.RestAssured_Api_Automation" name="playlist_Get_User_Playlist" time="1.615"/>
  <testcase classname="com.spotify.RestAssured_Api_Automation" name="playlist_Update_Item" time="2.122"/>
  <testcase classname="com.spotify.RestAssured_Api_Automation" name="playlist_Update_Playlist_Detail" time="1.014"/>
  <testcase classname="com.spotify.RestAssured_Api_Automation" name="playlist_Delete_Item" time="1.107"/>
</testsuite> <!-- Default test -->
