<?xml version="1.0" encoding="UTF-8"?>
<testng-results ignored="0" total="39" passed="39" failed="0" skipped="0">
  <reporter-output>
  </reporter-output>
  <suite started-at="2022-08-18T09:48:17 IST" name="Default suite" finished-at="2022-08-18T09:48:58 IST" duration-ms="40828">
    <groups>
    </groups>
    <test started-at="2022-08-18T09:48:17 IST" name="Default test" finished-at="2022-08-18T09:48:58 IST" duration-ms="40828">
      <class name="com.spotify.RestAssured_Api_Automation">
        <test-method is-config="true" signature="Get_Token()[pri:0, instance:com.spotify.RestAssured_Api_Automation@243c4f91]" started-at="2022-08-18T09:48:17 IST" name="Get_Token" finished-at="2022-08-18T09:48:17 IST" duration-ms="17" status="PASS">
          <reporter-output>
          </reporter-output>
        </test-method> <!-- Get_Token -->
        <test-method signature="albums_Get_Album()[pri:0, instance:com.spotify.RestAssured_Api_Automation@243c4f91]" started-at="2022-08-18T09:48:18 IST" name="albums_Get_Album" finished-at="2022-08-18T09:48:22 IST" duration-ms="4689" status="PASS">
          <reporter-output>
          </reporter-output>
        </test-method> <!-- albums_Get_Album -->
        <test-method signature="albums_Get_Album_Tracks()[pri:0, instance:com.spotify.RestAssured_Api_Automation@243c4f91]" started-at="2022-08-18T09:48:22 IST" name="albums_Get_Album_Tracks" finished-at="2022-08-18T09:48:23 IST" duration-ms="1105" status="PASS">
          <reporter-output>
          </reporter-output>
        </test-method> <!-- albums_Get_Album_Tracks -->
        <test-method signature="albums_Get_Several_Albums()[pri:0, instance:com.spotify.RestAssured_Api_Automation@243c4f91]" started-at="2022-08-18T09:48:23 IST" name="albums_Get_Several_Albums" finished-at="2022-08-18T09:48:25 IST" duration-ms="1176" status="PASS">
          <reporter-output>
          </reporter-output>
        </test-method> <!-- albums_Get_Several_Albums -->
        <test-method signature="artists_Get_Artist()[pri:0, instance:com.spotify.RestAssured_Api_Automation@243c4f91]" started-at="2022-08-18T09:48:25 IST" name="artists_Get_Artist" finished-at="2022-08-18T09:48:26 IST" duration-ms="1144" status="PASS">
          <reporter-output>
          </reporter-output>
        </test-method> <!-- artists_Get_Artist -->
        <test-method signature="artists_Get_Artists_Albums()[pri:0, instance:com.spotify.RestAssured_Api_Automation@243c4f91]" started-at="2022-08-18T09:48:26 IST" name="artists_Get_Artists_Albums" finished-at="2022-08-18T09:48:27 IST" duration-ms="909" status="PASS">
          <reporter-output>
          </reporter-output>
        </test-method> <!-- artists_Get_Artists_Albums -->
        <test-method signature="artists_Get_Artists_Related_Artists()[pri:0, instance:com.spotify.RestAssured_Api_Automation@243c4f91]" started-at="2022-08-18T09:48:27 IST" name="artists_Get_Artists_Related_Artists" finished-at="2022-08-18T09:48:27 IST" duration-ms="452" status="PASS">
          <reporter-output>
          </reporter-output>
        </test-method> <!-- artists_Get_Artists_Related_Artists -->
        <test-method signature="artists_Get_Several_Artists()[pri:0, instance:com.spotify.RestAssured_Api_Automation@243c4f91]" started-at="2022-08-18T09:48:27 IST" name="artists_Get_Several_Artists" finished-at="2022-08-18T09:48:27 IST" duration-ms="323" status="PASS">
          <reporter-output>
          </reporter-output>
        </test-method> <!-- artists_Get_Several_Artists -->
        <test-method signature="browse_Get_Available_Genre_Seeds()[pri:0, instance:com.spotify.RestAssured_Api_Automation@243c4f91]" started-at="2022-08-18T09:48:27 IST" name="browse_Get_Available_Genre_Seeds" finished-at="2022-08-18T09:48:28 IST" duration-ms="314" status="PASS">
          <reporter-output>
          </reporter-output>
        </test-method> <!-- browse_Get_Available_Genre_Seeds -->
        <test-method signature="browse_Get_Featured_Playlists()[pri:0, instance:com.spotify.RestAssured_Api_Automation@243c4f91]" started-at="2022-08-18T09:48:28 IST" name="browse_Get_Featured_Playlists" finished-at="2022-08-18T09:48:28 IST" duration-ms="417" status="PASS">
          <reporter-output>
          </reporter-output>
        </test-method> <!-- browse_Get_Featured_Playlists -->
        <test-method signature="browse_Get_New_Releases()[pri:0, instance:com.spotify.RestAssured_Api_Automation@243c4f91]" started-at="2022-08-18T09:48:28 IST" name="browse_Get_New_Releases" finished-at="2022-08-18T09:48:29 IST" duration-ms="409" status="PASS">
          <reporter-output>
          </reporter-output>
        </test-method> <!-- browse_Get_New_Releases -->
        <test-method signature="browse_Get_Recommendations()[pri:0, instance:com.spotify.RestAssured_Api_Automation@243c4f91]" started-at="2022-08-18T09:48:29 IST" name="browse_Get_Recommendations" finished-at="2022-08-18T09:48:29 IST" duration-ms="595" status="PASS">
          <reporter-output>
          </reporter-output>
        </test-method> <!-- browse_Get_Recommendations -->
        <test-method signature="browse_Get_Several_Browse_Categories()[pri:0, instance:com.spotify.RestAssured_Api_Automation@243c4f91]" started-at="2022-08-18T09:48:29 IST" name="browse_Get_Several_Browse_Categories" finished-at="2022-08-18T09:48:30 IST" duration-ms="388" status="PASS">
          <reporter-output>
          </reporter-output>
        </test-method> <!-- browse_Get_Several_Browse_Categories -->
        <test-method signature="episode_Get_Episode()[pri:0, instance:com.spotify.RestAssured_Api_Automation@243c4f91]" started-at="2022-08-18T09:48:30 IST" name="episode_Get_Episode" finished-at="2022-08-18T09:48:30 IST" duration-ms="357" status="PASS">
          <reporter-output>
          </reporter-output>
        </test-method> <!-- episode_Get_Episode -->
        <test-method signature="episodes_Get_Several_Episode()[pri:0, instance:com.spotify.RestAssured_Api_Automation@243c4f91]" started-at="2022-08-18T09:48:30 IST" name="episodes_Get_Several_Episode" finished-at="2022-08-18T09:48:30 IST" duration-ms="353" status="PASS">
          <reporter-output>
          </reporter-output>
        </test-method> <!-- episodes_Get_Several_Episode -->
        <test-method signature="follow_Follows_Artists_or_Users()[pri:0, instance:com.spotify.RestAssured_Api_Automation@243c4f91]" started-at="2022-08-18T09:48:30 IST" name="follow_Follows_Artists_or_Users" finished-at="2022-08-18T09:48:31 IST" duration-ms="390" status="PASS">
          <reporter-output>
          </reporter-output>
        </test-method> <!-- follow_Follows_Artists_or_Users -->
        <test-method signature="get_Categorys_Playlists()[pri:0, instance:com.spotify.RestAssured_Api_Automation@243c4f91]" started-at="2022-08-18T09:48:31 IST" name="get_Categorys_Playlists" finished-at="2022-08-18T09:48:32 IST" duration-ms="1168" status="PASS">
          <reporter-output>
          </reporter-output>
        </test-method> <!-- get_Categorys_Playlists -->
        <test-method signature="get_Single_Browse_Category()[pri:0, instance:com.spotify.RestAssured_Api_Automation@243c4f91]" started-at="2022-08-18T09:48:32 IST" name="get_Single_Browse_Category" finished-at="2022-08-18T09:48:33 IST" duration-ms="991" status="PASS">
          <reporter-output>
          </reporter-output>
        </test-method> <!-- get_Single_Browse_Category -->
        <test-method signature="markets_Get_Available_Markets()[pri:0, instance:com.spotify.RestAssured_Api_Automation@243c4f91]" started-at="2022-08-18T09:48:33 IST" name="markets_Get_Available_Markets" finished-at="2022-08-18T09:48:33 IST" duration-ms="325" status="PASS">
          <reporter-output>
          </reporter-output>
        </test-method> <!-- markets_Get_Available_Markets -->
        <test-method signature="shows_Get_Several_Shows()[pri:0, instance:com.spotify.RestAssured_Api_Automation@243c4f91]" started-at="2022-08-18T09:48:33 IST" name="shows_Get_Several_Shows" finished-at="2022-08-18T09:48:33 IST" duration-ms="314" status="PASS">
          <reporter-output>
          </reporter-output>
        </test-method> <!-- shows_Get_Several_Shows -->
        <test-method signature="shows_Get_Show()[pri:0, instance:com.spotify.RestAssured_Api_Automation@243c4f91]" started-at="2022-08-18T09:48:33 IST" name="shows_Get_Show" finished-at="2022-08-18T09:48:34 IST" duration-ms="361" status="PASS">
          <reporter-output>
          </reporter-output>
        </test-method> <!-- shows_Get_Show -->
        <test-method signature="shows_Get_Show_Episodes()[pri:0, instance:com.spotify.RestAssured_Api_Automation@243c4f91]" started-at="2022-08-18T09:48:34 IST" name="shows_Get_Show_Episodes" finished-at="2022-08-18T09:48:34 IST" duration-ms="335" status="PASS">
          <reporter-output>
          </reporter-output>
        </test-method> <!-- shows_Get_Show_Episodes -->
        <test-method signature="tracks_Get_Several_Tracks()[pri:0, instance:com.spotify.RestAssured_Api_Automation@243c4f91]" started-at="2022-08-18T09:48:34 IST" name="tracks_Get_Several_Tracks" finished-at="2022-08-18T09:48:35 IST" duration-ms="355" status="PASS">
          <reporter-output>
          </reporter-output>
        </test-method> <!-- tracks_Get_Several_Tracks -->
        <test-method signature="tracks_Get_Track()[pri:0, instance:com.spotify.RestAssured_Api_Automation@243c4f91]" started-at="2022-08-18T09:48:35 IST" name="tracks_Get_Track" finished-at="2022-08-18T09:48:35 IST" duration-ms="653" status="PASS">
          <reporter-output>
          </reporter-output>
        </test-method> <!-- tracks_Get_Track -->
        <test-method signature="tracks_Get_Tracks_Audio_Analysis()[pri:0, instance:com.spotify.RestAssured_Api_Automation@243c4f91]" started-at="2022-08-18T09:48:35 IST" name="tracks_Get_Tracks_Audio_Analysis" finished-at="2022-08-18T09:48:39 IST" duration-ms="3763" status="PASS">
          <reporter-output>
          </reporter-output>
        </test-method> <!-- tracks_Get_Tracks_Audio_Analysis -->
        <test-method signature="tracks_Get_Tracks_Audio_Features()[pri:0, instance:com.spotify.RestAssured_Api_Automation@243c4f91]" started-at="2022-08-18T09:48:39 IST" name="tracks_Get_Tracks_Audio_Features" finished-at="2022-08-18T09:48:41 IST" duration-ms="1812" status="PASS">
          <reporter-output>
          </reporter-output>
        </test-method> <!-- tracks_Get_Tracks_Audio_Features -->
        <test-method signature="tracks_Get_Trackss_Audio_Features()[pri:0, instance:com.spotify.RestAssured_Api_Automation@243c4f91]" started-at="2022-08-18T09:48:41 IST" name="tracks_Get_Trackss_Audio_Features" finished-at="2022-08-18T09:48:42 IST" duration-ms="1372" status="PASS">
          <reporter-output>
          </reporter-output>
        </test-method> <!-- tracks_Get_Trackss_Audio_Features -->
        <test-method signature="get_Current_UserProfile()[pri:1, instance:com.spotify.RestAssured_Api_Automation@243c4f91]" started-at="2022-08-18T09:48:42 IST" name="get_Current_UserProfile" finished-at="2022-08-18T09:48:44 IST" duration-ms="1839" status="PASS">
          <reporter-output>
          </reporter-output>
        </test-method> <!-- get_Current_UserProfile -->
        <test-method signature="get_UserProfile()[pri:2, instance:com.spotify.RestAssured_Api_Automation@243c4f91]" started-at="2022-08-18T09:48:44 IST" name="get_UserProfile" finished-at="2022-08-18T09:48:45 IST" duration-ms="1079" status="PASS">
          <reporter-output>
          </reporter-output>
        </test-method> <!-- get_UserProfile -->
        <test-method signature="search_for_Item()[pri:3, instance:com.spotify.RestAssured_Api_Automation@243c4f91]" started-at="2022-08-18T09:48:45 IST" name="search_for_Item" finished-at="2022-08-18T09:48:45 IST" duration-ms="388" status="PASS">
          <reporter-output>
          </reporter-output>
        </test-method> <!-- search_for_Item -->
        <test-method signature="playlist_Creation()[pri:4, instance:com.spotify.RestAssured_Api_Automation@243c4f91]" started-at="2022-08-18T09:48:45 IST" name="playlist_Creation" finished-at="2022-08-18T09:48:46 IST" duration-ms="672" status="PASS">
          <reporter-output>
          </reporter-output>
        </test-method> <!-- playlist_Creation -->
        <test-method signature="playlist_NewAdd_Item()[pri:5, instance:com.spotify.RestAssured_Api_Automation@243c4f91]" started-at="2022-08-18T09:48:46 IST" name="playlist_NewAdd_Item" finished-at="2022-08-18T09:48:47 IST" duration-ms="420" status="PASS">
          <reporter-output>
          </reporter-output>
        </test-method> <!-- playlist_NewAdd_Item -->
        <test-method signature="playlist_Get_Playlist()[pri:6, instance:com.spotify.RestAssured_Api_Automation@243c4f91]" started-at="2022-08-18T09:48:47 IST" name="playlist_Get_Playlist" finished-at="2022-08-18T09:48:47 IST" duration-ms="416" status="PASS">
          <reporter-output>
          </reporter-output>
        </test-method> <!-- playlist_Get_Playlist -->
        <test-method signature="playlist_Get_CurrentUser_Playlist()[pri:7, instance:com.spotify.RestAssured_Api_Automation@243c4f91]" started-at="2022-08-18T09:48:47 IST" name="playlist_Get_CurrentUser_Playlist" finished-at="2022-08-18T09:48:49 IST" duration-ms="1728" status="PASS">
          <reporter-output>
          </reporter-output>
        </test-method> <!-- playlist_Get_CurrentUser_Playlist -->
        <test-method signature="playlist_Get_Cover_Image()[pri:8, instance:com.spotify.RestAssured_Api_Automation@243c4f91]" started-at="2022-08-18T09:48:49 IST" name="playlist_Get_Cover_Image" finished-at="2022-08-18T09:48:50 IST" duration-ms="1382" status="PASS">
          <reporter-output>
          </reporter-output>
        </test-method> <!-- playlist_Get_Cover_Image -->
        <test-method signature="playlist_Get_Playlist_Item()[pri:9, instance:com.spotify.RestAssured_Api_Automation@243c4f91]" started-at="2022-08-18T09:48:50 IST" name="playlist_Get_Playlist_Item" finished-at="2022-08-18T09:48:52 IST" duration-ms="2342" status="PASS">
          <reporter-output>
          </reporter-output>
        </test-method> <!-- playlist_Get_Playlist_Item -->
        <test-method signature="playlist_Get_User_Playlist()[pri:10, instance:com.spotify.RestAssured_Api_Automation@243c4f91]" started-at="2022-08-18T09:48:52 IST" name="playlist_Get_User_Playlist" finished-at="2022-08-18T09:48:54 IST" duration-ms="1615" status="PASS">
          <reporter-output>
          </reporter-output>
        </test-method> <!-- playlist_Get_User_Playlist -->
        <test-method signature="playlist_Update_Item()[pri:11, instance:com.spotify.RestAssured_Api_Automation@243c4f91]" started-at="2022-08-18T09:48:54 IST" name="playlist_Update_Item" finished-at="2022-08-18T09:48:56 IST" duration-ms="2122" status="PASS">
          <reporter-output>
          </reporter-output>
        </test-method> <!-- playlist_Update_Item -->
        <test-method signature="playlist_Update_Playlist_Detail()[pri:12, instance:com.spotify.RestAssured_Api_Automation@243c4f91]" started-at="2022-08-18T09:48:56 IST" name="playlist_Update_Playlist_Detail" finished-at="2022-08-18T09:48:57 IST" duration-ms="1014" status="PASS">
          <reporter-output>
          </reporter-output>
        </test-method> <!-- playlist_Update_Playlist_Detail -->
        <test-method signature="playlist_Delete_Item()[pri:13, instance:com.spotify.RestAssured_Api_Automation@243c4f91]" started-at="2022-08-18T09:48:57 IST" name="playlist_Delete_Item" finished-at="2022-08-18T09:48:58 IST" duration-ms="1107" status="PASS">
          <reporter-output>
          </reporter-output>
        </test-method> <!-- playlist_Delete_Item -->
      </class> <!-- com.spotify.RestAssured_Api_Automation -->
    </test> <!-- Default test -->
  </suite> <!-- Default suite -->
</testng-results>
